0 verbose cli C:\Program Files\nodejs\node.exe C:\Program Files\nodejs\node_modules\npm\bin\npm-cli.js
1 info using npm@9.6.7
2 info using node@v18.17.0
3 timing npm:load:whichnode Completed in 7ms
4 timing config:load:defaults Completed in 7ms
5 timing config:load:file:C:\Users\Fujiki Yusaku\AppData\Roaming\nvm\v18.17.0\node_modules\npm\npmrc Completed in 0ms
6 timing config:load:builtin Completed in 2ms
7 timing config:load:cli Completed in 4ms
8 timing config:load:env Completed in 4ms
9 timing config:load:project Completed in 1ms
10 timing config:load:file:C:\Users\Fujiki Yusaku\.npmrc Completed in 2ms
11 timing config:load:user Completed in 2ms
12 timing config:load:file:C:\Program Files\nodejs\etc\npmrc Completed in 0ms
13 timing config:load:global Completed in 0ms
14 timing config:load:setEnvs Completed in 2ms
15 timing config:load Completed in 28ms
16 timing npm:load:configload Completed in 29ms
17 timing npm:load:mkdirpcache Completed in 1ms
18 timing npm:load:mkdirplogs Completed in 1ms
19 verbose title npm prefix
20 verbose argv "prefix" "--global"
21 timing npm:load:setTitle Completed in 2ms
22 timing config:load:flatten Completed in 7ms
23 timing npm:load:display Completed in 8ms
24 verbose logfile logs-max:10 dir:d:\Projects\Active\ygo-site\cachenpm-cache\_logs\2024-04-16T21_40_58_485Z-
25 verbose logfile d:\Projects\Active\ygo-site\cachenpm-cache\_logs\2024-04-16T21_40_58_485Z-debug-0.log
26 timing npm:load:logFile Completed in 25ms
27 timing npm:load:timers Completed in 0ms
28 timing npm:load:configScope Completed in 0ms
29 timing npm:load Completed in 75ms
30 timing command:prefix Completed in 3ms
31 verbose exit 0
32 timing npm Completed in 100ms
33 info ok
